<?xml version="1.0" encoding="UTF-8"?>
<!-- Generated by org.testng.reporters.JUnitXMLReporter -->
<testsuite ignored="2" hostname="MSI" failures="0" tests="4" name="Test" time="5.243" errors="0" timestamp="2023-12-26T13:41:18 IST">
  <testcase classname="com.decIpt.chromeTest" name="homePage" time="2.997"/>
  <testcase classname="com.decIpt.chromeTest" name="fields" time="0.405"/>
  <testcase classname="com.decIpt.edgeTest" name="Page" time="4.595"/>
  <testcase classname="com.decIpt.edgeTest" name="stepfield" time="0.609"/>
  <testcase classname="com.decIpt.edgeTest" name="closeBrowser" time="0.0">
    <ignored/>
  </testcase> <!-- closeBrowser -->
  <testcase classname="com.decIpt.chromeTest" name="closeBrowser" time="0.0">
    <ignored/>
  </testcase> <!-- closeBrowser -->
</testsuite> <!-- Test -->
