<?xml version="1.0" encoding="UTF-8"?>
<!-- Generated by org.testng.reporters.JUnitXMLReporter -->
<testsuite ignored="0" hostname="MSI" failures="0" tests="4" name="QA" time="4.128" errors="0" timestamp="2023-12-25T19:46:52 IST">
  <testcase classname="com.decIpt.LearnAnnotation" name="mainTest" time="0.142"/>
  <testcase classname="com.decIpt.LearnAnnotation" name="mainTest" time="0.075"/>
  <testcase classname="com.decIpt.LearnAnnotation" name="mainTest" time="0.038"/>
  <testcase classname="com.decIpt.LearnAnnotation" name="d" time="0.07"/>
</testsuite> <!-- QA -->
