<?xml version="1.0" encoding="UTF-8"?>
<!-- Generated by org.testng.reporters.JUnitXMLReporter -->
<testsuite ignored="0" hostname="MSI" failures="0" tests="6" name="QA" time="10.252" errors="0" timestamp="2023-12-26T13:24:12 IST">
  <testcase classname="com.decIpt.chromeTest" name="homePage" time="6.85"/>
  <testcase classname="com.decIpt.chromeTest" name="fields" time="0.279"/>
  <testcase classname="com.decIpt.chromeTest" name="closeBrowser" time="0.279"/>
  <testcase classname="com.decIpt.edgeTest" name="Page" time="9.51"/>
  <testcase classname="com.decIpt.edgeTest" name="stepfield" time="0.53"/>
  <testcase classname="com.decIpt.edgeTest" name="closeBrowser" time="0.13"/>
</testsuite> <!-- QA -->
